<?xml version="1.0" encoding="UTF-8"?>
<!-- Generated by org.testng.reporters.JUnitXMLReporter -->
<testsuite hostname="DESKTOP-EHA9HVK" ignored="0" tests="6" failures="0" timestamp="30 May 2020 15:08:57 GMT" time="145.394" errors="0">
  <testcase name="fbNegativeOne" time="17.815" classname="Assignment1"/>
  <testcase name="fbNegativeTwo" time="26.828" classname="Assignment1"/>
  <testcase name="linkedInOne" time="11.591" classname="Assignment1"/>
  <testcase name="linkedInTwo" time="13.884" classname="Assignment1"/>
  <testcase name="newToursOne" time="17.906" classname="Assignment1"/>
  <testcase name="newToursTwo" time="16.501" classname="Assignment1"/>
</testsuite>
